<?xml version="1.0" encoding="UTF-8"?>
<!-- Generated by org.testng.reporters.JUnitReportReporter -->
<testsuite hostname="DESKTOP-54FOA3G" name="com.training.sanity.tests.RETC_019_Catalog" tests="2" failures="0" timestamp="2 Jul 2019 13:22:38 GMT" time="26.928" errors="0">
  <testcase name="validLoginTest" time="8.564" classname="com.training.sanity.tests.RETC_019_Catalog"/>
  <testcase name="catalogTest" time="18.364" classname="com.training.sanity.tests.RETC_019_Catalog"/>
</testsuite> <!-- com.training.sanity.tests.RETC_019_Catalog -->
