<?xml version="1.0" encoding="UTF-8"?>
<!-- Generated by org.testng.reporters.JUnitReportReporter -->
<testsuite hostname="DESKTOP-54FOA3G" name="com.training.sanity.tests.RETC_020_Catalog" tests="2" failures="0" timestamp="2 Jul 2019 14:05:56 GMT" time="20.358" errors="0">
  <testcase name="catalogTest" time="18.125" classname="com.training.sanity.tests.RETC_020_Catalog"/>
  <testcase name="validLoginTest" time="2.233" classname="com.training.sanity.tests.RETC_020_Catalog"/>
</testsuite> <!-- com.training.sanity.tests.RETC_020_Catalog -->
