<?xml version="1.0" encoding="UTF-8"?>
<!-- Generated by org.testng.reporters.JUnitReportReporter -->
<testsuite hostname="DESKTOP-54FOA3G" name="com.training.sanity.tests.RETC_021_Catagory" tests="2" failures="0" timestamp="2 Jul 2019 14:10:40 GMT" time="27.100" errors="0">
  <testcase name="CatalogTest" time="24.831" classname="com.training.sanity.tests.RETC_021_Catagory"/>
  <testcase name="validLoginTest" time="2.269" classname="com.training.sanity.tests.RETC_021_Catagory"/>
</testsuite> <!-- com.training.sanity.tests.RETC_021_Catagory -->
