<?xml version="1.0" encoding="UTF-8"?>
<!-- Generated by org.testng.reporters.JUnitReportReporter -->
<testsuite hostname="DESKTOP-54FOA3G" name="com.training.sanity.tests.LoginTests" tests="1" failures="0" timestamp="1 Jul 2019 07:00:27 GMT" time="22.530" errors="0">
  <testcase name="validLoginTest" time="22.530" classname="com.training.sanity.tests.LoginTests"/>
</testsuite> <!-- com.training.sanity.tests.LoginTests -->
